[ INFO ] [ 2024-11-15 01:38:47 PM ] [ Rocket Up Server ]  - Server is running on port 80
[ ERROR ] [ 2024-11-15 01:38:54 PM ] [ Rocket Up Server ]  - undefined
[ ERROR ] [ 2024-11-15 01:38:54 PM ] [ Rocket Up Server ]  - Request 
{
  "headers": {
    "host": "localhost",
    "user-agent": "Mozilla/5.0 (Macintosh; Intel Mac OS X 10.15; rv:132.0) Gecko/20100101 Firefox/132.0",
    "accept": "text/html,application/xhtml+xml,application/xml;q=0.9,*/*;q=0.8",
    "accept-language": "ko-KR,ko;q=0.8,en-US;q=0.5,en;q=0.3",
    "accept-encoding": "gzip, deflate, br, zstd",
    "upgrade-insecure-requests": "1",
    "sec-fetch-dest": "document",
    "sec-fetch-mode": "navigate",
    "sec-fetch-site": "none",
    "sec-fetch-user": "?1",
    "connection": "keep-alive",
    "priority": "u=0, i"
  },
  "host": "localhost",
  "url": "/test",
  "method": "GET",
  "params": {},
  "query": {}
}
[Body]
{}
[ ERROR ] [ 2024-11-15 01:38:54 PM ] [ Rocket Up Server ]  - Response 
{
  "headers": {
    "x-powered-by": "Express",
    "access-control-allow-origin": "*"
  },
  "statusCode": 200
}
[Body]
null
[ ERROR ] [ 2024-11-15 01:38:54 PM ] [ Rocket Up Server ]  - undefined 
{
  "errno": -2,
  "code": "ENOENT",
  "syscall": "stat",
  "path": "/Users/songdaehyeon/Documents/Code/heredot/public/index.html",
  "expose": false,
  "statusCode": 404,
  "status": 404
}
[Body]
undefined
[ ERROR ] [ 2024-11-15 01:38:54 PM ] [ Rocket Up Server ]  - Request 
{
  "headers": {
    "host": "localhost",
    "user-agent": "Mozilla/5.0 (Macintosh; Intel Mac OS X 10.15; rv:132.0) Gecko/20100101 Firefox/132.0",
    "accept": "text/html,application/xhtml+xml,application/xml;q=0.9,*/*;q=0.8",
    "accept-language": "ko-KR,ko;q=0.8,en-US;q=0.5,en;q=0.3",
    "accept-encoding": "gzip, deflate, br, zstd",
    "upgrade-insecure-requests": "1",
    "sec-fetch-dest": "document",
    "sec-fetch-mode": "navigate",
    "sec-fetch-site": "none",
    "sec-fetch-user": "?1",
    "connection": "keep-alive",
    "priority": "u=0, i"
  },
  "host": "localhost",
  "url": "/errorPage",
  "method": "GET",
  "params": {},
  "query": {}
}
[Body]
{}
[ ERROR ] [ 2024-11-15 01:38:54 PM ] [ Rocket Up Server ]  - Response 
{
  "headers": {
    "x-powered-by": "Express",
    "access-control-allow-origin": "*"
  },
  "statusCode": 200
}
[Body]
null
[ ERROR ] [ 2024-11-15 01:38:55 PM ] [ Rocket Up Server ]  - undefined 
{
  "errno": -2,
  "code": "ENOENT",
  "syscall": "stat",
  "path": "/Users/songdaehyeon/Documents/Code/heredot/public/index.html",
  "expose": false,
  "statusCode": 404,
  "status": 404
}
[Body]
undefined
[ ERROR ] [ 2024-11-15 01:38:55 PM ] [ Rocket Up Server ]  - Request 
{
  "headers": {
    "host": "localhost",
    "user-agent": "Mozilla/5.0 (Macintosh; Intel Mac OS X 10.15; rv:132.0) Gecko/20100101 Firefox/132.0",
    "accept": "*/*",
    "accept-language": "ko-KR,ko;q=0.8,en-US;q=0.5,en;q=0.3",
    "accept-encoding": "gzip, deflate, br, zstd",
    "service-worker": "script",
    "connection": "keep-alive",
    "sec-fetch-dest": "serviceworker",
    "sec-fetch-mode": "same-origin",
    "sec-fetch-site": "same-origin",
    "priority": "u=4",
    "pragma": "no-cache",
    "cache-control": "no-cache"
  },
  "host": "localhost",
  "url": "/flutter_service_worker.js?v=419815348",
  "method": "GET",
  "params": {},
  "query": {
    "v": "419815348"
  }
}
[Body]
{}
[ ERROR ] [ 2024-11-15 01:38:55 PM ] [ Rocket Up Server ]  - Response 
{
  "headers": {
    "x-powered-by": "Express",
    "access-control-allow-origin": "*"
  },
  "statusCode": 200
}
[Body]
null
[ ERROR ] [ 2024-11-15 01:39:12 PM ] [ Rocket Up Server ]  - undefined 
{
  "errno": -2,
  "code": "ENOENT",
  "syscall": "stat",
  "path": "/Users/songdaehyeon/Documents/Code/heredot/public/index.html",
  "expose": false,
  "statusCode": 404,
  "status": 404
}
[Body]
undefined
[ ERROR ] [ 2024-11-15 01:39:12 PM ] [ Rocket Up Server ]  - Request 
{
  "headers": {
    "host": "localhost",
    "user-agent": "Mozilla/5.0 (Macintosh; Intel Mac OS X 10.15; rv:132.0) Gecko/20100101 Firefox/132.0",
    "accept": "text/html,application/xhtml+xml,application/xml;q=0.9,*/*;q=0.8",
    "accept-language": "ko-KR,ko;q=0.8,en-US;q=0.5,en;q=0.3",
    "accept-encoding": "gzip, deflate, br, zstd",
    "upgrade-insecure-requests": "1",
    "sec-fetch-dest": "document",
    "sec-fetch-mode": "navigate",
    "sec-fetch-site": "cross-site",
    "connection": "keep-alive",
    "priority": "u=0, i"
  },
  "host": "localhost",
  "url": "/errorPage",
  "method": "GET",
  "params": {},
  "query": {}
}
[Body]
{}
[ ERROR ] [ 2024-11-15 01:39:12 PM ] [ Rocket Up Server ]  - Response 
{
  "headers": {
    "x-powered-by": "Express",
    "access-control-allow-origin": "*"
  },
  "statusCode": 200
}
[Body]
null
[ ERROR ] [ 2024-11-15 01:39:13 PM ] [ Rocket Up Server ]  - undefined 
{
  "errno": -2,
  "code": "ENOENT",
  "syscall": "stat",
  "path": "/Users/songdaehyeon/Documents/Code/heredot/public/index.html",
  "expose": false,
  "statusCode": 404,
  "status": 404
}
[Body]
undefined
[ ERROR ] [ 2024-11-15 01:39:13 PM ] [ Rocket Up Server ]  - Request 
{
  "headers": {
    "host": "localhost",
    "user-agent": "Mozilla/5.0 (Macintosh; Intel Mac OS X 10.15; rv:132.0) Gecko/20100101 Firefox/132.0",
    "accept": "*/*",
    "accept-language": "ko-KR,ko;q=0.8,en-US;q=0.5,en;q=0.3",
    "accept-encoding": "gzip, deflate, br, zstd",
    "service-worker": "script",
    "connection": "keep-alive",
    "sec-fetch-dest": "serviceworker",
    "sec-fetch-mode": "same-origin",
    "sec-fetch-site": "same-origin",
    "priority": "u=4",
    "pragma": "no-cache",
    "cache-control": "no-cache"
  },
  "host": "localhost",
  "url": "/flutter_service_worker.js?v=419815348",
  "method": "GET",
  "params": {},
  "query": {
    "v": "419815348"
  }
}
[Body]
{}
[ ERROR ] [ 2024-11-15 01:39:13 PM ] [ Rocket Up Server ]  - Response 
{
  "headers": {
    "x-powered-by": "Express",
    "access-control-allow-origin": "*"
  },
  "statusCode": 200
}
[Body]
null
[ ERROR ] [ 2024-11-15 01:39:32 PM ] [ Rocket Up Server ]  - undefined
[ ERROR ] [ 2024-11-15 01:39:32 PM ] [ Rocket Up Server ]  - Request 
{
  "headers": {
    "host": "localhost",
    "user-agent": "Mozilla/5.0 (Macintosh; Intel Mac OS X 10.15; rv:132.0) Gecko/20100101 Firefox/132.0",
    "accept": "text/html,application/xhtml+xml,application/xml;q=0.9,*/*;q=0.8",
    "accept-language": "ko-KR,ko;q=0.8,en-US;q=0.5,en;q=0.3",
    "accept-encoding": "gzip, deflate, br, zstd",
    "upgrade-insecure-requests": "1",
    "sec-fetch-dest": "document",
    "sec-fetch-mode": "navigate",
    "sec-fetch-site": "none",
    "sec-fetch-user": "?1",
    "connection": "keep-alive",
    "priority": "u=0, i"
  },
  "host": "localhost",
  "url": "/test",
  "method": "GET",
  "params": {},
  "query": {}
}
[Body]
{}
[ ERROR ] [ 2024-11-15 01:39:32 PM ] [ Rocket Up Server ]  - Response 
{
  "headers": {
    "x-powered-by": "Express",
    "access-control-allow-origin": "*"
  },
  "statusCode": 200
}
[Body]
null
[ ERROR ] [ 2024-11-15 01:39:32 PM ] [ Rocket Up Server ]  - undefined 
{
  "errno": -2,
  "code": "ENOENT",
  "syscall": "stat",
  "path": "/Users/songdaehyeon/Documents/Code/heredot/public/index.html",
  "expose": false,
  "statusCode": 404,
  "status": 404
}
[Body]
undefined
[ ERROR ] [ 2024-11-15 01:39:32 PM ] [ Rocket Up Server ]  - Request 
{
  "headers": {
    "host": "localhost",
    "user-agent": "Mozilla/5.0 (Macintosh; Intel Mac OS X 10.15; rv:132.0) Gecko/20100101 Firefox/132.0",
    "accept": "*/*",
    "accept-language": "ko-KR,ko;q=0.8,en-US;q=0.5,en;q=0.3",
    "accept-encoding": "gzip, deflate, br, zstd",
    "service-worker": "script",
    "connection": "keep-alive",
    "sec-fetch-dest": "serviceworker",
    "sec-fetch-mode": "same-origin",
    "sec-fetch-site": "same-origin",
    "priority": "u=4",
    "pragma": "no-cache",
    "cache-control": "no-cache"
  },
  "host": "localhost",
  "url": "/flutter_service_worker.js?v=419815348",
  "method": "GET",
  "params": {},
  "query": {
    "v": "419815348"
  }
}
[Body]
{}
[ ERROR ] [ 2024-11-15 01:39:32 PM ] [ Rocket Up Server ]  - Response 
{
  "headers": {
    "x-powered-by": "Express",
    "access-control-allow-origin": "*"
  },
  "statusCode": 200
}
[Body]
null
[ ERROR ] [ 2024-11-15 01:39:32 PM ] [ Rocket Up Server ]  - undefined 
{
  "errno": -2,
  "code": "ENOENT",
  "syscall": "stat",
  "path": "/Users/songdaehyeon/Documents/Code/heredot/public/index.html",
  "expose": false,
  "statusCode": 404,
  "status": 404
}
[Body]
undefined
[ ERROR ] [ 2024-11-15 01:39:32 PM ] [ Rocket Up Server ]  - Request 
{
  "headers": {
    "host": "localhost",
    "user-agent": "Mozilla/5.0 (Macintosh; Intel Mac OS X 10.15; rv:132.0) Gecko/20100101 Firefox/132.0",
    "accept": "text/html,application/xhtml+xml,application/xml;q=0.9,*/*;q=0.8",
    "accept-language": "ko-KR,ko;q=0.8,en-US;q=0.5,en;q=0.3",
    "accept-encoding": "gzip, deflate, br, zstd",
    "upgrade-insecure-requests": "1",
    "sec-fetch-dest": "document",
    "sec-fetch-mode": "navigate",
    "sec-fetch-site": "none",
    "sec-fetch-user": "?1",
    "connection": "keep-alive",
    "priority": "u=0, i"
  },
  "host": "localhost",
  "url": "/errorPage",
  "method": "GET",
  "params": {},
  "query": {}
}
[Body]
{}
[ ERROR ] [ 2024-11-15 01:39:32 PM ] [ Rocket Up Server ]  - Response 
{
  "headers": {
    "x-powered-by": "Express",
    "access-control-allow-origin": "*"
  },
  "statusCode": 200
}
[Body]
null
[ ERROR ] [ 2024-11-15 01:39:33 PM ] [ Rocket Up Server ]  - undefined 
{
  "errno": -2,
  "code": "ENOENT",
  "syscall": "stat",
  "path": "/Users/songdaehyeon/Documents/Code/heredot/public/index.html",
  "expose": false,
  "statusCode": 404,
  "status": 404
}
[Body]
undefined
[ ERROR ] [ 2024-11-15 01:39:33 PM ] [ Rocket Up Server ]  - Request 
{
  "headers": {
    "host": "localhost",
    "user-agent": "Mozilla/5.0 (Macintosh; Intel Mac OS X 10.15; rv:132.0) Gecko/20100101 Firefox/132.0",
    "accept": "*/*",
    "accept-language": "ko-KR,ko;q=0.8,en-US;q=0.5,en;q=0.3",
    "accept-encoding": "gzip, deflate, br, zstd",
    "service-worker": "script",
    "connection": "keep-alive",
    "sec-fetch-dest": "serviceworker",
    "sec-fetch-mode": "same-origin",
    "sec-fetch-site": "same-origin",
    "priority": "u=4",
    "pragma": "no-cache",
    "cache-control": "no-cache"
  },
  "host": "localhost",
  "url": "/flutter_service_worker.js?v=419815348",
  "method": "GET",
  "params": {},
  "query": {
    "v": "419815348"
  }
}
[Body]
{}
[ ERROR ] [ 2024-11-15 01:39:33 PM ] [ Rocket Up Server ]  - Response 
{
  "headers": {
    "x-powered-by": "Express",
    "access-control-allow-origin": "*"
  },
  "statusCode": 200
}
[Body]
null
[ ERROR ] [ 2024-11-15 01:39:44 PM ] [ Rocket Up Server ]  - undefined
[ ERROR ] [ 2024-11-15 01:39:44 PM ] [ Rocket Up Server ]  - Request 
{
  "headers": {
    "host": "localhost",
    "user-agent": "Mozilla/5.0 (Macintosh; Intel Mac OS X 10.15; rv:132.0) Gecko/20100101 Firefox/132.0",
    "accept": "text/html,application/xhtml+xml,application/xml;q=0.9,*/*;q=0.8",
    "accept-language": "ko-KR,ko;q=0.8,en-US;q=0.5,en;q=0.3",
    "accept-encoding": "gzip, deflate, br, zstd",
    "upgrade-insecure-requests": "1",
    "sec-fetch-dest": "document",
    "sec-fetch-mode": "navigate",
    "sec-fetch-site": "none",
    "sec-fetch-user": "?1",
    "connection": "keep-alive",
    "priority": "u=0, i"
  },
  "host": "localhost",
  "url": "/test",
  "method": "GET",
  "params": {},
  "query": {}
}
[Body]
{}
[ ERROR ] [ 2024-11-15 01:39:44 PM ] [ Rocket Up Server ]  - Response 
{
  "headers": {
    "x-powered-by": "Express",
    "access-control-allow-origin": "*"
  },
  "statusCode": 200
}
[Body]
null
[ ERROR ] [ 2024-11-15 01:39:44 PM ] [ Rocket Up Server ]  - undefined 
{
  "errno": -2,
  "code": "ENOENT",
  "syscall": "stat",
  "path": "/Users/songdaehyeon/Documents/Code/heredot/public/index.html",
  "expose": false,
  "statusCode": 404,
  "status": 404
}
[Body]
undefined
[ ERROR ] [ 2024-11-15 01:39:44 PM ] [ Rocket Up Server ]  - Request 
{
  "headers": {
    "host": "localhost",
    "user-agent": "Mozilla/5.0 (Macintosh; Intel Mac OS X 10.15; rv:132.0) Gecko/20100101 Firefox/132.0",
    "accept": "*/*",
    "accept-language": "ko-KR,ko;q=0.8,en-US;q=0.5,en;q=0.3",
    "accept-encoding": "gzip, deflate, br, zstd",
    "service-worker": "script",
    "connection": "keep-alive",
    "sec-fetch-dest": "serviceworker",
    "sec-fetch-mode": "same-origin",
    "sec-fetch-site": "same-origin",
    "priority": "u=4",
    "pragma": "no-cache",
    "cache-control": "no-cache"
  },
  "host": "localhost",
  "url": "/flutter_service_worker.js?v=419815348",
  "method": "GET",
  "params": {},
  "query": {
    "v": "419815348"
  }
}
[Body]
{}
[ ERROR ] [ 2024-11-15 01:39:44 PM ] [ Rocket Up Server ]  - Response 
{
  "headers": {
    "x-powered-by": "Express",
    "access-control-allow-origin": "*"
  },
  "statusCode": 200
}
[Body]
null
[ ERROR ] [ 2024-11-15 01:39:44 PM ] [ Rocket Up Server ]  - undefined 
{
  "errno": -2,
  "code": "ENOENT",
  "syscall": "stat",
  "path": "/Users/songdaehyeon/Documents/Code/heredot/public/index.html",
  "expose": false,
  "statusCode": 404,
  "status": 404
}
[Body]
undefined
[ ERROR ] [ 2024-11-15 01:39:44 PM ] [ Rocket Up Server ]  - Request 
{
  "headers": {
    "host": "localhost",
    "user-agent": "Mozilla/5.0 (Macintosh; Intel Mac OS X 10.15; rv:132.0) Gecko/20100101 Firefox/132.0",
    "accept": "text/html,application/xhtml+xml,application/xml;q=0.9,*/*;q=0.8",
    "accept-language": "ko-KR,ko;q=0.8,en-US;q=0.5,en;q=0.3",
    "accept-encoding": "gzip, deflate, br, zstd",
    "upgrade-insecure-requests": "1",
    "sec-fetch-dest": "document",
    "sec-fetch-mode": "navigate",
    "sec-fetch-site": "none",
    "sec-fetch-user": "?1",
    "connection": "keep-alive",
    "priority": "u=0, i"
  },
  "host": "localhost",
  "url": "/errorPage",
  "method": "GET",
  "params": {},
  "query": {}
}
[Body]
{}
[ ERROR ] [ 2024-11-15 01:39:44 PM ] [ Rocket Up Server ]  - Response 
{
  "headers": {
    "x-powered-by": "Express",
    "access-control-allow-origin": "*"
  },
  "statusCode": 200
}
[Body]
null
[ ERROR ] [ 2024-11-15 01:39:45 PM ] [ Rocket Up Server ]  - undefined 
{
  "errno": -2,
  "code": "ENOENT",
  "syscall": "stat",
  "path": "/Users/songdaehyeon/Documents/Code/heredot/public/index.html",
  "expose": false,
  "statusCode": 404,
  "status": 404
}
[Body]
undefined
[ ERROR ] [ 2024-11-15 01:39:45 PM ] [ Rocket Up Server ]  - Request 
{
  "headers": {
    "host": "localhost",
    "user-agent": "Mozilla/5.0 (Macintosh; Intel Mac OS X 10.15; rv:132.0) Gecko/20100101 Firefox/132.0",
    "accept": "*/*",
    "accept-language": "ko-KR,ko;q=0.8,en-US;q=0.5,en;q=0.3",
    "accept-encoding": "gzip, deflate, br, zstd",
    "service-worker": "script",
    "connection": "keep-alive",
    "sec-fetch-dest": "serviceworker",
    "sec-fetch-mode": "same-origin",
    "sec-fetch-site": "same-origin",
    "priority": "u=4",
    "pragma": "no-cache",
    "cache-control": "no-cache"
  },
  "host": "localhost",
  "url": "/flutter_service_worker.js?v=419815348",
  "method": "GET",
  "params": {},
  "query": {
    "v": "419815348"
  }
}
[Body]
{}
[ ERROR ] [ 2024-11-15 01:39:45 PM ] [ Rocket Up Server ]  - Response 
{
  "headers": {
    "x-powered-by": "Express",
    "access-control-allow-origin": "*"
  },
  "statusCode": 200
}
[Body]
null
[ INFO ] [ 2024-11-15 01:39:59 PM ] [ Rocket Up Server ]  - Server is running on port 80
[ ERROR ] [ 2024-11-15 01:40:02 PM ] [ Rocket Up Server ]  - undefined
[ ERROR ] [ 2024-11-15 01:40:02 PM ] [ Rocket Up Server ]  - Request 
{
  "headers": {
    "host": "localhost",
    "user-agent": "Mozilla/5.0 (Macintosh; Intel Mac OS X 10.15; rv:132.0) Gecko/20100101 Firefox/132.0",
    "accept": "text/html,application/xhtml+xml,application/xml;q=0.9,*/*;q=0.8",
    "accept-language": "ko-KR,ko;q=0.8,en-US;q=0.5,en;q=0.3",
    "accept-encoding": "gzip, deflate, br, zstd",
    "upgrade-insecure-requests": "1",
    "sec-fetch-dest": "document",
    "sec-fetch-mode": "navigate",
    "sec-fetch-site": "none",
    "sec-fetch-user": "?1",
    "connection": "keep-alive",
    "priority": "u=0, i"
  },
  "host": "localhost",
  "url": "/test",
  "method": "GET",
  "params": {},
  "query": {}
}
[Body]
{}
[ ERROR ] [ 2024-11-15 01:40:02 PM ] [ Rocket Up Server ]  - Response 
{
  "headers": {
    "x-powered-by": "Express",
    "access-control-allow-origin": "*"
  },
  "statusCode": 200
}
[Body]
null
[ ERROR ] [ 2024-11-15 01:40:02 PM ] [ Rocket Up Server ]  - undefined 
{
  "errno": -2,
  "code": "ENOENT",
  "syscall": "stat",
  "path": "/Users/songdaehyeon/Documents/Code/heredot/public/index.html",
  "expose": false,
  "statusCode": 404,
  "status": 404
}
[Body]
undefined
[ ERROR ] [ 2024-11-15 01:40:02 PM ] [ Rocket Up Server ]  - Request 
{
  "headers": {
    "host": "localhost",
    "user-agent": "Mozilla/5.0 (Macintosh; Intel Mac OS X 10.15; rv:132.0) Gecko/20100101 Firefox/132.0",
    "accept": "text/html,application/xhtml+xml,application/xml;q=0.9,*/*;q=0.8",
    "accept-language": "ko-KR,ko;q=0.8,en-US;q=0.5,en;q=0.3",
    "accept-encoding": "gzip, deflate, br, zstd",
    "upgrade-insecure-requests": "1",
    "sec-fetch-dest": "document",
    "sec-fetch-mode": "navigate",
    "sec-fetch-site": "none",
    "sec-fetch-user": "?1",
    "connection": "keep-alive",
    "priority": "u=0, i"
  },
  "host": "localhost",
  "url": "/errorPage",
  "method": "GET",
  "params": {},
  "query": {}
}
[Body]
{}
[ ERROR ] [ 2024-11-15 01:40:02 PM ] [ Rocket Up Server ]  - Response 
{
  "headers": {
    "x-powered-by": "Express",
    "access-control-allow-origin": "*"
  },
  "statusCode": 200
}
[Body]
null
[ ERROR ] [ 2024-11-15 01:40:03 PM ] [ Rocket Up Server ]  - undefined 
{
  "errno": -2,
  "code": "ENOENT",
  "syscall": "stat",
  "path": "/Users/songdaehyeon/Documents/Code/heredot/public/index.html",
  "expose": false,
  "statusCode": 404,
  "status": 404
}
[Body]
undefined
[ ERROR ] [ 2024-11-15 01:40:03 PM ] [ Rocket Up Server ]  - Request 
{
  "headers": {
    "host": "localhost",
    "user-agent": "Mozilla/5.0 (Macintosh; Intel Mac OS X 10.15; rv:132.0) Gecko/20100101 Firefox/132.0",
    "accept": "*/*",
    "accept-language": "ko-KR,ko;q=0.8,en-US;q=0.5,en;q=0.3",
    "accept-encoding": "gzip, deflate, br, zstd",
    "service-worker": "script",
    "connection": "keep-alive",
    "sec-fetch-dest": "serviceworker",
    "sec-fetch-mode": "same-origin",
    "sec-fetch-site": "same-origin",
    "priority": "u=4",
    "pragma": "no-cache",
    "cache-control": "no-cache"
  },
  "host": "localhost",
  "url": "/flutter_service_worker.js?v=419815348",
  "method": "GET",
  "params": {},
  "query": {
    "v": "419815348"
  }
}
[Body]
{}
[ ERROR ] [ 2024-11-15 01:40:03 PM ] [ Rocket Up Server ]  - Response 
{
  "headers": {
    "x-powered-by": "Express",
    "access-control-allow-origin": "*"
  },
  "statusCode": 200
}
[Body]
null
[ INFO ] [ 2024-11-15 01:42:46 PM ] [ Rocket Up Server ]  - Server is running on port 80
[ INFO ] [ 2024-11-15 01:43:46 PM ] [ Rocket Up Server ]  - Server is running on port 80
[ INFO ] [ 2024-11-15 01:44:37 PM ] [ Rocket Up Server ]  - Server is running on port 80
[ INFO ] [ 2024-11-15 01:44:44 PM ] [ Rocket Up Server ]  - Server is running on port 80
[ INFO ] [ 2024-11-15 01:44:56 PM ] [ Rocket Up Server ]  - Server is running on port 80
[ INFO ] [ 2024-11-15 01:45:03 PM ] [ Rocket Up Server ]  - Server is running on port 80
[ ERROR ] [ 2024-11-15 01:45:48 PM ] [ Rocket Up Server ]  - undefined
[ ERROR ] [ 2024-11-15 01:45:48 PM ] [ Rocket Up Server ]  - Request 
{
  "headers": {
    "host": "localhost",
    "user-agent": "Mozilla/5.0 (Macintosh; Intel Mac OS X 10.15; rv:132.0) Gecko/20100101 Firefox/132.0",
    "accept": "text/html,application/xhtml+xml,application/xml;q=0.9,*/*;q=0.8",
    "accept-language": "ko-KR,ko;q=0.8,en-US;q=0.5,en;q=0.3",
    "accept-encoding": "gzip, deflate, br, zstd",
    "upgrade-insecure-requests": "1",
    "sec-fetch-dest": "document",
    "sec-fetch-mode": "navigate",
    "sec-fetch-site": "none",
    "sec-fetch-user": "?1",
    "connection": "keep-alive",
    "priority": "u=0, i"
  },
  "host": "localhost",
  "url": "/test",
  "method": "GET",
  "params": {},
  "query": {}
}
[Body]
{}
[ ERROR ] [ 2024-11-15 01:45:48 PM ] [ Rocket Up Server ]  - Response 
{
  "headers": {
    "x-powered-by": "Express",
    "access-control-allow-origin": "*"
  },
  "statusCode": 200
}
[Body]
null
[ ERROR ] [ 2024-11-15 01:45:48 PM ] [ Rocket Up Server ]  - undefined 
{
  "errno": -2,
  "code": "ENOENT",
  "syscall": "stat",
  "path": "/Users/songdaehyeon/Documents/Code/heredot/public/index.html",
  "expose": false,
  "statusCode": 404,
  "status": 404
}
[Body]
undefined
[ ERROR ] [ 2024-11-15 01:45:48 PM ] [ Rocket Up Server ]  - Request 
{
  "headers": {
    "host": "localhost",
    "user-agent": "Mozilla/5.0 (Macintosh; Intel Mac OS X 10.15; rv:132.0) Gecko/20100101 Firefox/132.0",
    "accept": "*/*",
    "accept-language": "ko-KR,ko;q=0.8,en-US;q=0.5,en;q=0.3",
    "accept-encoding": "gzip, deflate, br, zstd",
    "service-worker": "script",
    "connection": "keep-alive",
    "sec-fetch-dest": "serviceworker",
    "sec-fetch-mode": "same-origin",
    "sec-fetch-site": "same-origin",
    "priority": "u=4",
    "pragma": "no-cache",
    "cache-control": "no-cache"
  },
  "host": "localhost",
  "url": "/flutter_service_worker.js?v=419815348",
  "method": "GET",
  "params": {},
  "query": {
    "v": "419815348"
  }
}
[Body]
{}
[ ERROR ] [ 2024-11-15 01:45:48 PM ] [ Rocket Up Server ]  - Response 
{
  "headers": {
    "x-powered-by": "Express",
    "access-control-allow-origin": "*"
  },
  "statusCode": 200
}
[Body]
null
[ ERROR ] [ 2024-11-15 01:45:48 PM ] [ Rocket Up Server ]  - undefined 
{
  "errno": -2,
  "code": "ENOENT",
  "syscall": "stat",
  "path": "/Users/songdaehyeon/Documents/Code/heredot/public/index.html",
  "expose": false,
  "statusCode": 404,
  "status": 404
}
[Body]
undefined
[ ERROR ] [ 2024-11-15 01:45:48 PM ] [ Rocket Up Server ]  - Request 
{
  "headers": {
    "host": "localhost",
    "user-agent": "Mozilla/5.0 (Macintosh; Intel Mac OS X 10.15; rv:132.0) Gecko/20100101 Firefox/132.0",
    "accept": "text/html,application/xhtml+xml,application/xml;q=0.9,*/*;q=0.8",
    "accept-language": "ko-KR,ko;q=0.8,en-US;q=0.5,en;q=0.3",
    "accept-encoding": "gzip, deflate, br, zstd",
    "upgrade-insecure-requests": "1",
    "sec-fetch-dest": "document",
    "sec-fetch-mode": "navigate",
    "sec-fetch-site": "none",
    "sec-fetch-user": "?1",
    "connection": "keep-alive",
    "priority": "u=0, i"
  },
  "host": "localhost",
  "url": "/errorPage",
  "method": "GET",
  "params": {},
  "query": {}
}
[Body]
{}
[ ERROR ] [ 2024-11-15 01:45:48 PM ] [ Rocket Up Server ]  - Response 
{
  "headers": {
    "x-powered-by": "Express",
    "access-control-allow-origin": "*"
  },
  "statusCode": 200
}
[Body]
null
[ ERROR ] [ 2024-11-15 01:45:49 PM ] [ Rocket Up Server ]  - undefined 
{
  "errno": -2,
  "code": "ENOENT",
  "syscall": "stat",
  "path": "/Users/songdaehyeon/Documents/Code/heredot/public/index.html",
  "expose": false,
  "statusCode": 404,
  "status": 404
}
[Body]
undefined
[ ERROR ] [ 2024-11-15 01:45:49 PM ] [ Rocket Up Server ]  - Request 
{
  "headers": {
    "host": "localhost",
    "user-agent": "Mozilla/5.0 (Macintosh; Intel Mac OS X 10.15; rv:132.0) Gecko/20100101 Firefox/132.0",
    "accept": "*/*",
    "accept-language": "ko-KR,ko;q=0.8,en-US;q=0.5,en;q=0.3",
    "accept-encoding": "gzip, deflate, br, zstd",
    "service-worker": "script",
    "connection": "keep-alive",
    "sec-fetch-dest": "serviceworker",
    "sec-fetch-mode": "same-origin",
    "sec-fetch-site": "same-origin",
    "priority": "u=4",
    "pragma": "no-cache",
    "cache-control": "no-cache"
  },
  "host": "localhost",
  "url": "/flutter_service_worker.js?v=419815348",
  "method": "GET",
  "params": {},
  "query": {
    "v": "419815348"
  }
}
[Body]
{}
[ ERROR ] [ 2024-11-15 01:45:49 PM ] [ Rocket Up Server ]  - Response 
{
  "headers": {
    "x-powered-by": "Express",
    "access-control-allow-origin": "*"
  },
  "statusCode": 200
}
[Body]
null
[ INFO ] [ 2024-11-15 01:45:50 PM ] [ Rocket Up Server ]  - Server is running on port 80
[ INFO ] [ 2024-11-15 01:46:02 PM ] [ Rocket Up Server ]  - Server is running on port 80
[ INFO ] [ 2024-11-15 01:46:07 PM ] [ Rocket Up Server ]  - Server is running on port 80
[ INFO ] [ 2024-11-15 01:48:25 PM ] [ Rocket Up Server ]  - Response /test 
{
  "headers": {
    "x-powered-by": "Express",
    "access-control-allow-origin": "*"
  },
  "statusCode": 200
}
[Body]
{
  "message": "test error",
  "error": {}
}
[ ERROR ] [ 2024-11-15 01:48:25 PM ] [ Rocket Up Server ]  - undefined 
{
  "code": "ERR_HTTP_INVALID_STATUS_CODE"
}
[Body]
undefined
[ ERROR ] [ 2024-11-15 01:48:25 PM ] [ Rocket Up Server ]  - Request 
{
  "headers": {
    "host": "localhost",
    "user-agent": "Mozilla/5.0 (Macintosh; Intel Mac OS X 10.15; rv:132.0) Gecko/20100101 Firefox/132.0",
    "accept": "text/html,application/xhtml+xml,application/xml;q=0.9,*/*;q=0.8",
    "accept-language": "ko-KR,ko;q=0.8,en-US;q=0.5,en;q=0.3",
    "accept-encoding": "gzip, deflate, br, zstd",
    "upgrade-insecure-requests": "1",
    "sec-fetch-dest": "document",
    "sec-fetch-mode": "navigate",
    "sec-fetch-site": "none",
    "sec-fetch-user": "?1",
    "connection": "keep-alive",
    "priority": "u=0, i"
  },
  "host": "localhost",
  "url": "/test",
  "method": "GET",
  "params": {},
  "query": {}
}
[Body]
{}
[ ERROR ] [ 2024-11-15 01:48:25 PM ] [ Rocket Up Server ]  - Response 
{
  "headers": {
    "x-powered-by": "Express",
    "access-control-allow-origin": "*",
    "content-type": "application/json; charset=utf-8",
    "content-length": "37",
    "etag": "W/\"25-va0+ugqaogmHSvnmcy5grpCMSR8\""
  }
}
[Body]
null
[ ERROR ] [ 2024-11-15 01:48:25 PM ] [ Rocket Up Server ]  - undefined 
{
  "errno": -2,
  "code": "ENOENT",
  "syscall": "stat",
  "path": "/Users/songdaehyeon/Documents/Code/heredot/public/index.html",
  "expose": false,
  "statusCode": 404,
  "status": 404
}
[Body]
undefined
[ ERROR ] [ 2024-11-15 01:48:25 PM ] [ Rocket Up Server ]  - Request 
{
  "headers": {
    "host": "localhost",
    "user-agent": "Mozilla/5.0 (Macintosh; Intel Mac OS X 10.15; rv:132.0) Gecko/20100101 Firefox/132.0",
    "accept": "*/*",
    "accept-language": "ko-KR,ko;q=0.8,en-US;q=0.5,en;q=0.3",
    "accept-encoding": "gzip, deflate, br, zstd",
    "service-worker": "script",
    "connection": "keep-alive",
    "sec-fetch-dest": "serviceworker",
    "sec-fetch-mode": "same-origin",
    "sec-fetch-site": "same-origin",
    "priority": "u=4",
    "pragma": "no-cache",
    "cache-control": "no-cache"
  },
  "host": "localhost",
  "url": "/flutter_service_worker.js?v=419815348",
  "method": "GET",
  "params": {},
  "query": {
    "v": "419815348"
  }
}
[Body]
{}
[ ERROR ] [ 2024-11-15 01:48:25 PM ] [ Rocket Up Server ]  - Response 
{
  "headers": {
    "x-powered-by": "Express",
    "access-control-allow-origin": "*"
  },
  "statusCode": 200
}
[Body]
null
[ ERROR ] [ 2024-11-15 01:48:25 PM ] [ Rocket Up Server ]  - undefined 
{
  "errno": -2,
  "code": "ENOENT",
  "syscall": "stat",
  "path": "/Users/songdaehyeon/Documents/Code/heredot/public/index.html",
  "expose": false,
  "statusCode": 404,
  "status": 404
}
[Body]
undefined
[ ERROR ] [ 2024-11-15 01:48:25 PM ] [ Rocket Up Server ]  - Request 
{
  "headers": {
    "host": "localhost",
    "user-agent": "Mozilla/5.0 (Macintosh; Intel Mac OS X 10.15; rv:132.0) Gecko/20100101 Firefox/132.0",
    "accept": "text/html,application/xhtml+xml,application/xml;q=0.9,*/*;q=0.8",
    "accept-language": "ko-KR,ko;q=0.8,en-US;q=0.5,en;q=0.3",
    "accept-encoding": "gzip, deflate, br, zstd",
    "upgrade-insecure-requests": "1",
    "sec-fetch-dest": "document",
    "sec-fetch-mode": "navigate",
    "sec-fetch-site": "none",
    "sec-fetch-user": "?1",
    "connection": "keep-alive",
    "priority": "u=0, i"
  },
  "host": "localhost",
  "url": "/errorPage",
  "method": "GET",
  "params": {},
  "query": {}
}
[Body]
{}
[ ERROR ] [ 2024-11-15 01:48:25 PM ] [ Rocket Up Server ]  - Response 
{
  "headers": {
    "x-powered-by": "Express",
    "access-control-allow-origin": "*"
  },
  "statusCode": 200
}
[Body]
null
[ ERROR ] [ 2024-11-15 01:48:26 PM ] [ Rocket Up Server ]  - undefined 
{
  "errno": -2,
  "code": "ENOENT",
  "syscall": "stat",
  "path": "/Users/songdaehyeon/Documents/Code/heredot/public/index.html",
  "expose": false,
  "statusCode": 404,
  "status": 404
}
[Body]
undefined
[ ERROR ] [ 2024-11-15 01:48:26 PM ] [ Rocket Up Server ]  - Request 
{
  "headers": {
    "host": "localhost",
    "user-agent": "Mozilla/5.0 (Macintosh; Intel Mac OS X 10.15; rv:132.0) Gecko/20100101 Firefox/132.0",
    "accept": "*/*",
    "accept-language": "ko-KR,ko;q=0.8,en-US;q=0.5,en;q=0.3",
    "accept-encoding": "gzip, deflate, br, zstd",
    "service-worker": "script",
    "connection": "keep-alive",
    "sec-fetch-dest": "serviceworker",
    "sec-fetch-mode": "same-origin",
    "sec-fetch-site": "same-origin",
    "priority": "u=4",
    "pragma": "no-cache",
    "cache-control": "no-cache"
  },
  "host": "localhost",
  "url": "/flutter_service_worker.js?v=419815348",
  "method": "GET",
  "params": {},
  "query": {
    "v": "419815348"
  }
}
[Body]
{}
[ ERROR ] [ 2024-11-15 01:48:26 PM ] [ Rocket Up Server ]  - Response 
{
  "headers": {
    "x-powered-by": "Express",
    "access-control-allow-origin": "*"
  },
  "statusCode": 200
}
[Body]
null
[ INFO ] [ 2024-11-15 01:50:41 PM ] [ Rocket Up Server ]  - Server is running on port 80
[ INFO ] [ 2024-11-15 01:51:00 PM ] [ Rocket Up Server ]  - Response /test 
{
  "headers": {
    "x-powered-by": "Express",
    "access-control-allow-origin": "*"
  },
  "statusCode": 200
}
[Body]
{
  "statusCode": 400,
  "message": "test error",
  "data": null,
  "error": {}
}
[ ERROR ] [ 2024-11-15 01:51:00 PM ] [ Rocket Up Server ]  - undefined 
{
  "errno": -2,
  "code": "ENOENT",
  "syscall": "stat",
  "path": "/Users/songdaehyeon/Documents/Code/heredot/public/index.html",
  "expose": false,
  "statusCode": 404,
  "status": 404
}
[Body]
undefined
[ ERROR ] [ 2024-11-15 01:51:00 PM ] [ Rocket Up Server ]  - Request 
{
  "headers": {
    "host": "localhost",
    "user-agent": "Mozilla/5.0 (Macintosh; Intel Mac OS X 10.15; rv:132.0) Gecko/20100101 Firefox/132.0",
    "accept": "*/*",
    "accept-language": "ko-KR,ko;q=0.8,en-US;q=0.5,en;q=0.3",
    "accept-encoding": "gzip, deflate, br, zstd",
    "service-worker": "script",
    "connection": "keep-alive",
    "sec-fetch-dest": "serviceworker",
    "sec-fetch-mode": "same-origin",
    "sec-fetch-site": "same-origin",
    "priority": "u=4",
    "pragma": "no-cache",
    "cache-control": "no-cache"
  },
  "host": "localhost",
  "url": "/flutter_service_worker.js?v=419815348",
  "method": "GET",
  "params": {},
  "query": {
    "v": "419815348"
  }
}
[Body]
{}
[ ERROR ] [ 2024-11-15 01:51:00 PM ] [ Rocket Up Server ]  - Response 
{
  "headers": {
    "x-powered-by": "Express",
    "access-control-allow-origin": "*"
  },
  "statusCode": 200
}
[Body]
null
[ ERROR ] [ 2024-11-15 01:51:00 PM ] [ Rocket Up Server ]  - undefined 
{
  "errno": -2,
  "code": "ENOENT",
  "syscall": "stat",
  "path": "/Users/songdaehyeon/Documents/Code/heredot/public/index.html",
  "expose": false,
  "statusCode": 404,
  "status": 404
}
[Body]
undefined
[ ERROR ] [ 2024-11-15 01:51:00 PM ] [ Rocket Up Server ]  - Request 
{
  "headers": {
    "host": "localhost",
    "user-agent": "Mozilla/5.0 (Macintosh; Intel Mac OS X 10.15; rv:132.0) Gecko/20100101 Firefox/132.0",
    "accept": "image/avif,image/webp,image/png,image/svg+xml,image/*;q=0.8,*/*;q=0.5",
    "accept-language": "ko-KR,ko;q=0.8,en-US;q=0.5,en;q=0.3",
    "accept-encoding": "gzip, deflate, br, zstd",
    "connection": "keep-alive",
    "referer": "http://localhost/test",
    "sec-fetch-dest": "image",
    "sec-fetch-mode": "no-cors",
    "sec-fetch-site": "cross-site",
    "priority": "u=6"
  },
  "host": "localhost",
  "url": "/favicon.ico",
  "method": "GET",
  "params": {},
  "query": {}
}
[Body]
{}
[ ERROR ] [ 2024-11-15 01:51:00 PM ] [ Rocket Up Server ]  - Response 
{
  "headers": {
    "x-powered-by": "Express",
    "access-control-allow-origin": "*"
  },
  "statusCode": 200
}
[Body]
null
[ ERROR ] [ 2024-11-15 01:52:03 PM ] [ Rocket Up Server ]  - undefined
[ ERROR ] [ 2024-11-15 01:52:03 PM ] [ Rocket Up Server ]  - Request 
{
  "headers": {
    "userid": "3673861123",
    "content-type": "application/json",
    "authorization": "Basic Og==",
    "user-agent": "PostmanRuntime/7.42.0",
    "accept": "*/*",
    "cache-control": "no-cache",
    "postman-token": "c3aa589c-f635-48d5-b709-bee359794696",
    "host": "localhost:80",
    "accept-encoding": "gzip, deflate, br",
    "connection": "keep-alive",
    "content-length": "3"
  },
  "host": "localhost",
  "url": "/api/user/getRefundAmount",
  "method": "POST",
  "params": {},
  "query": {}
}
[Body]
{}
[ ERROR ] [ 2024-11-15 01:52:03 PM ] [ Rocket Up Server ]  - Response 
{
  "headers": {
    "x-powered-by": "Express",
    "access-control-allow-origin": "*"
  },
  "statusCode": 200
}
[Body]
null
[ ERROR ] [ 2024-11-15 01:52:03 PM ] [ Rocket Up Server ]  - undefined 
{
  "errno": -2,
  "code": "ENOENT",
  "syscall": "stat",
  "path": "/Users/songdaehyeon/Documents/Code/heredot/public/index.html",
  "expose": false,
  "statusCode": 404,
  "status": 404
}
[Body]
undefined
[ ERROR ] [ 2024-11-15 01:52:03 PM ] [ Rocket Up Server ]  - Request 
{
  "headers": {
    "userid": "3673861123",
    "authorization": "Basic Og==",
    "user-agent": "PostmanRuntime/7.42.0",
    "accept": "*/*",
    "cache-control": "no-cache",
    "postman-token": "c3aa589c-f635-48d5-b709-bee359794696",
    "accept-encoding": "gzip, deflate, br",
    "connection": "keep-alive",
    "referer": "http://localhost:80/api/user/getRefundAmount",
    "host": "localhost"
  },
  "host": "localhost",
  "url": "/errorPage",
  "method": "GET",
  "params": {},
  "query": {}
}
[Body]
{}
[ ERROR ] [ 2024-11-15 01:52:03 PM ] [ Rocket Up Server ]  - Response 
{
  "headers": {
    "x-powered-by": "Express",
    "access-control-allow-origin": "*"
  },
  "statusCode": 200
}
[Body]
null
